<?xml version="1.0" encoding="UTF-8"?>
<!-- Generated by org.testng.reporters.JUnitReportReporter -->
<testsuite hostname="supritha" failures="0" tests="1" name="testCases.CartLoginClass" time="2.875" errors="0" timestamp="2025-04-25T16:40:19 IST" skipped="0">
  <testcase classname="testCases.CartLoginClass" name="loginTest" time="2.875"/>
</testsuite> <!-- testCases.CartLoginClass -->
