<?xml version="1.0" encoding="UTF-8"?>
<!-- Generated by org.testng.reporters.JUnitReportReporter -->
<testsuite hostname="supritha" failures="0" tests="1" name="testCases.CartRegisterClass" time="4.048" errors="0" timestamp="2025-04-25T16:40:19 IST" skipped="0">
  <testcase classname="testCases.CartRegisterClass" name="registerTest" time="4.048"/>
</testsuite> <!-- testCases.CartRegisterClass -->
